<?xml version="1.0" encoding="UTF-8"?>
<testng-results ignored="0" total="1" passed="1" failed="0" skipped="0">
  <reporter-output>
  </reporter-output>
  <suite started-at="2023-03-29T20:12:35 IST" name="Suite" finished-at="2023-03-29T20:13:05 IST" duration-ms="29864">
    <groups>
      <group name="Common">
        <method signature="Sign_up.sign_up_testing()[pri:1, instance:PageAutomation.Sign_up@673fdbce]" name="sign_up_testing" class="PageAutomation.Sign_up"/>
      </group> <!-- Common -->
    </groups>
    <test started-at="2023-03-29T20:12:35 IST" name="Test" finished-at="2023-03-29T20:13:05 IST" duration-ms="29864">
      <class name="PageAutomation.Sign_up">
        <test-method is-config="true" signature="login()[pri:0, instance:PageAutomation.Sign_up@673fdbce]" started-at="2023-03-29T20:12:31 IST" name="login" finished-at="2023-03-29T20:12:35 IST" duration-ms="3586" status="PASS">
          <reporter-output>
          </reporter-output>
        </test-method> <!-- login -->
        <test-method signature="sign_up_testing()[pri:1, instance:PageAutomation.Sign_up@673fdbce]" started-at="2023-03-29T20:12:35 IST" name="sign_up_testing" finished-at="2023-03-29T20:13:05 IST" duration-ms="29829" status="PASS">
          <reporter-output>
          </reporter-output>
        </test-method> <!-- sign_up_testing -->
      </class> <!-- PageAutomation.Sign_up -->
    </test> <!-- Test -->
  </suite> <!-- Suite -->
</testng-results>
